cmake version 3.16.3

CMake suite maintained and supported by Kitware (kitware.com/cmake).
-- The C compiler identification is GNU 9.3.0
-- The CXX compiler identification is GNU 9.3.0
-- Check for working C compiler: /usr/bin/cc
-- Check for working C compiler: /usr/bin/cc -- works
-- Detecting C compiler ABI info
-- Detecting C compiler ABI info - done
-- Detecting C compile features
-- Detecting C compile features - done
-- Check for working CXX compiler: /usr/bin/c++
-- Check for working CXX compiler: /usr/bin/c++ -- works
-- Detecting CXX compiler ABI info
-- Detecting CXX compiler ABI info - done
-- Detecting CXX compile features
-- Detecting CXX compile features - done
-- Configuring done
-- Generating done
-- Build files have been written to: /home/yangzecai/Projects/huawei/player/sdk/build
cmake return: 0
Scanning dependencies of target source-objects
[ 25%] Building CXX object source/CMakeFiles/source-objects.dir/Graph.cpp.o
[ 50%] Building CXX object source/CMakeFiles/source-objects.dir/data.cpp.o
[ 50%] Built target source-objects
Scanning dependencies of target Embedded-2021
[ 75%] Building CXX object CMakeFiles/Embedded-2021.dir/main.cpp.o
[100%] Linking CXX executable /home/yangzecai/Projects/huawei/player/sdk/bin/Embedded-2021
[100%] Built target Embedded-2021
make return: 0
